2023-06-20 12:28:45.524 [main] INFO  com.izaanschool.heroku.LocatorTest - Spring 2023 (1/25/2023 – 5/23/2023)
2023-06-20 12:28:45.557 [main] INFO  com.izaanschool.heroku.LocatorTest - Public Safety
Emergency/School Closing Info
Ask e311
A-Z Index
Accommodations for Visitors
Privacy Policy
Opens in new window
Make this website talk
Combating Sexual Misconduct (TITLE IX)
CUNY's Policy on Equal Opportunity and Non-Discrimination
Opens in new window
222-05, 56th Avenue Bayside, NY 11364
718.631.6262
link works on mobile devices or browsers that support dialing
© Copyright 2023 Queensborough Community College
Opens in new window
Opens in new window
Opens in new window
Opens in new window
Opens in new window
Opens in new window
